<?xml version="1.0" encoding="UTF-8"?>
<!-- Generated by org.testng.reporters.JUnitReportReporter -->
<testsuite hostname="Admin-PC" name="NewTest" tests="1" failures="0" timestamp="11 Feb 2016 17:48:21 GMT" time="43.090" errors="0">
  <testcase name="saveArticle" time="43.090" classname="NewTest"/>
</testsuite> <!-- NewTest -->
